<?xml version="1.0" encoding="UTF-8"?>
<testsuite name="BracketsCheckTests" tests="1" skipped="0" failures="0" errors="0" timestamp="2022-01-10T12:54:13" hostname="cab-wsm-0064073" time="0.014">
  <properties/>
  <testcase name="checkBracketsTest()" classname="BracketsCheckTests" time="0.014"/>
  <system-out><![CDATA[]]></system-out>
  <system-err><![CDATA[]]></system-err>
</testsuite>
